This is pdfTeX, Version 3.14159265-2.6-1.40.16 (TeX Live 2015) (preloaded format=pdflatex 2016.5.24)  7 JUL 2016 11:17
entering extended mode
 \write18 enabled.
 file:line:error style messages enabled.
 %&-line parsing enabled.
**chap4_Algorithms.tex
(./chap4_Algorithms.tex
LaTeX2e <2016/03/31>
Babel <3.9q> and hyphenation patterns for 81 language(s) loaded.
./chap4_Algorithms.tex:2: Undefined control sequence.
l.2 \chapter
            {System Architecture}\label{chap:System Architecture}
? 
./chap4_Algorithms.tex:2: Emergency stop.
l.2 \chapter
            {System Architecture}\label{chap:System Architecture}
End of file on the terminal!

 
Here is how much of TeX's memory you used:
 5 strings out of 493027
 163 string characters out of 6134069
 53546 words of memory out of 5000000
 3647 multiletter control sequences out of 15000+600000
 3640 words of font info for 14 fonts, out of 8000000 for 9000
 1141 hyphenation exceptions out of 8191
 5i,0n,1p,84b,8s stack positions out of 5000i,500n,10000p,200000b,80000s
./chap4_Algorithms.tex:2:  ==> Fatal error occurred, no output PDF file produce
d!
