This is pdfTeX, Version 3.14159265-2.6-1.40.16 (TeX Live 2015) (preloaded format=pdflatex 2015.5.24)  11 FEB 2016 22:50
entering extended mode
 restricted \write18 enabled.
 file:line:error style messages enabled.
 %&-line parsing enabled.
**kkwon2-proposal.tex
(./kkwon2-proposal.tex
LaTeX2e <2015/01/01>
Babel <3.9l> and hyphenation patterns for 79 languages loaded.
(/usr/local/texlive/2015/texmf-dist/tex/latex/base/report.cls
Document Class: report 2014/09/29 v1.4h Standard LaTeX document class
(/usr/local/texlive/2015/texmf-dist/tex/latex/base/size12.clo
File: size12.clo 2014/09/29 v1.4h Standard LaTeX file (size option)
)
\c@part=\count79
\c@chapter=\count80
\c@section=\count81
\c@subsection=\count82
\c@subsubsection=\count83
\c@paragraph=\count84
\c@subparagraph=\count85
\c@figure=\count86
\c@table=\count87
\abovecaptionskip=\skip41
\belowcaptionskip=\skip42
\bibindent=\dimen102
)
(./uhthesis3.sty
Document Style Option `uhthesis' <31 Aug 90>.
) (/usr/local/texlive/2015/texmf-dist/tex/latex/graphics/epsfig.sty
Package: epsfig 1999/02/16 v1.7a (e)psfig emulation (SPQR)

(/usr/local/texlive/2015/texmf-dist/tex/latex/graphics/graphicx.sty
Package: graphicx 2014/10/28 v1.0g Enhanced LaTeX Graphics (DPC,SPQR)

(/usr/local/texlive/2015/texmf-dist/tex/latex/graphics/keyval.sty
Package: keyval 2014/10/28 v1.15 key=value parser (DPC)
\KV@toks@=\toks14
)
(/usr/local/texlive/2015/texmf-dist/tex/latex/graphics/graphics.sty
Package: graphics 2014/10/28 v1.0p Standard LaTeX Graphics (DPC,SPQR)

(/usr/local/texlive/2015/texmf-dist/tex/latex/graphics/trig.sty
Package: trig 1999/03/16 v1.09 sin cos tan (DPC)
)
(/usr/local/texlive/2015/texmf-dist/tex/latex/latexconfig/graphics.cfg
File: graphics.cfg 2010/04/23 v1.9 graphics configuration of TeX Live
)
Package graphics Info: Driver file: pdftex.def on input line 94.

(/usr/local/texlive/2015/texmf-dist/tex/latex/pdftex-def/pdftex.def
File: pdftex.def 2011/05/27 v0.06d Graphics/color for pdfTeX

(/usr/local/texlive/2015/texmf-dist/tex/generic/oberdiek/infwarerr.sty
Package: infwarerr 2010/04/08 v1.3 Providing info/warning/error messages (HO)
)
(/usr/local/texlive/2015/texmf-dist/tex/generic/oberdiek/ltxcmds.sty
Package: ltxcmds 2011/11/09 v1.22 LaTeX kernel commands for general use (HO)
)
\Gread@gobject=\count88
))
\Gin@req@height=\dimen103
\Gin@req@width=\dimen104
)
\epsfxsize=\dimen105
\epsfysize=\dimen106
)
(/usr/local/texlive/2015/texmf-dist/tex/generic/epsf/epsf.sty
This is `epsf.tex' v2.7.4 <14 February 2011>
\epsffilein=\read1
\epsfframemargin=\dimen107
\epsfframethickness=\dimen108
\epsfrsize=\dimen109
\epsftmp=\dimen110
\epsftsize=\dimen111
\epsfxsize=\dimen112
\epsfysize=\dimen113
\pspoints=\dimen114
) (/usr/local/texlive/2015/texmf-dist/tex/latex/hyperref/hyperref.sty
Package: hyperref 2012/11/06 v6.83m Hypertext links for LaTeX

(/usr/local/texlive/2015/texmf-dist/tex/generic/oberdiek/hobsub-hyperref.sty
Package: hobsub-hyperref 2012/05/28 v1.13 Bundle oberdiek, subset hyperref (HO)


(/usr/local/texlive/2015/texmf-dist/tex/generic/oberdiek/hobsub-generic.sty
Package: hobsub-generic 2012/05/28 v1.13 Bundle oberdiek, subset generic (HO)
Package: hobsub 2012/05/28 v1.13 Construct package bundles (HO)
Package hobsub Info: Skipping package `infwarerr' (already loaded).
Package hobsub Info: Skipping package `ltxcmds' (already loaded).
Package: ifluatex 2010/03/01 v1.3 Provides the ifluatex switch (HO)
Package ifluatex Info: LuaTeX not detected.
Package: ifvtex 2010/03/01 v1.5 Detect VTeX and its facilities (HO)
Package ifvtex Info: VTeX not detected.
Package: intcalc 2007/09/27 v1.1 Expandable calculations with integers (HO)
Package: ifpdf 2011/01/30 v2.3 Provides the ifpdf switch (HO)
Package ifpdf Info: pdfTeX in PDF mode is detected.
Package: etexcmds 2011/02/16 v1.5 Avoid name clashes with e-TeX commands (HO)
Package etexcmds Info: Could not find \expanded.
(etexcmds)             That can mean that you are not using pdfTeX 1.50 or
(etexcmds)             that some package has redefined \expanded.
(etexcmds)             In the latter case, load this package earlier.
Package: kvsetkeys 2012/04/25 v1.16 Key value parser (HO)
Package: kvdefinekeys 2011/04/07 v1.3 Define keys (HO)
Package: pdftexcmds 2011/11/29 v0.20 Utility functions of pdfTeX for LuaTeX (HO
)
Package pdftexcmds Info: LuaTeX not detected.
Package pdftexcmds Info: \pdf@primitive is available.
Package pdftexcmds Info: \pdf@ifprimitive is available.
Package pdftexcmds Info: \pdfdraftmode found.
Package: pdfescape 2011/11/25 v1.13 Implements pdfTeX's escape features (HO)
Package: bigintcalc 2012/04/08 v1.3 Expandable calculations on big integers (HO
)
Package: bitset 2011/01/30 v1.1 Handle bit-vector datatype (HO)
Package: uniquecounter 2011/01/30 v1.2 Provide unlimited unique counter (HO)
)
Package hobsub Info: Skipping package `hobsub' (already loaded).
Package: letltxmacro 2010/09/02 v1.4 Let assignment for LaTeX macros (HO)
Package: hopatch 2012/05/28 v1.2 Wrapper for package hooks (HO)
Package: xcolor-patch 2011/01/30 xcolor patch
Package: atveryend 2011/06/30 v1.8 Hooks at the very end of document (HO)
Package atveryend Info: \enddocument detected (standard20110627).
Package: atbegshi 2011/10/05 v1.16 At begin shipout hook (HO)
Package: refcount 2011/10/16 v3.4 Data extraction from label references (HO)
Package: hycolor 2011/01/30 v1.7 Color options for hyperref/bookmark (HO)
)
(/usr/local/texlive/2015/texmf-dist/tex/generic/ifxetex/ifxetex.sty
Package: ifxetex 2010/09/12 v0.6 Provides ifxetex conditional
)
(/usr/local/texlive/2015/texmf-dist/tex/latex/oberdiek/auxhook.sty
Package: auxhook 2011/03/04 v1.3 Hooks for auxiliary files (HO)
)
(/usr/local/texlive/2015/texmf-dist/tex/latex/oberdiek/kvoptions.sty
Package: kvoptions 2011/06/30 v3.11 Key value format for package options (HO)
)
\@linkdim=\dimen115
\Hy@linkcounter=\count89
\Hy@pagecounter=\count90

(/usr/local/texlive/2015/texmf-dist/tex/latex/hyperref/pd1enc.def
File: pd1enc.def 2012/11/06 v6.83m Hyperref: PDFDocEncoding definition (HO)
)
\Hy@SavedSpaceFactor=\count91

(/usr/local/texlive/2015/texmf-dist/tex/latex/latexconfig/hyperref.cfg
File: hyperref.cfg 2002/06/06 v1.2 hyperref configuration of TeXLive
)
Package hyperref Info: Hyper figures OFF on input line 4443.
Package hyperref Info: Link nesting OFF on input line 4448.
Package hyperref Info: Hyper index ON on input line 4451.
Package hyperref Info: Plain pages OFF on input line 4458.
Package hyperref Info: Backreferencing OFF on input line 4463.
Package hyperref Info: Implicit mode ON; LaTeX internals redefined.
Package hyperref Info: Bookmarks ON on input line 4688.
\c@Hy@tempcnt=\count92

(/usr/local/texlive/2015/texmf-dist/tex/latex/url/url.sty
\Urlmuskip=\muskip10
Package: url 2013/09/16  ver 3.4  Verb mode for urls, etc.
)
LaTeX Info: Redefining \url on input line 5041.
\XeTeXLinkMargin=\dimen116
\Fld@menulength=\count93
\Field@Width=\dimen117
\Fld@charsize=\dimen118
Package hyperref Info: Hyper figures OFF on input line 6295.
Package hyperref Info: Link nesting OFF on input line 6300.
Package hyperref Info: Hyper index ON on input line 6303.
Package hyperref Info: backreferencing OFF on input line 6310.
Package hyperref Info: Link coloring OFF on input line 6315.
Package hyperref Info: Link coloring with OCG OFF on input line 6320.
Package hyperref Info: PDF/A mode OFF on input line 6325.
LaTeX Info: Redefining \ref on input line 6365.
LaTeX Info: Redefining \pageref on input line 6369.
\Hy@abspage=\count94
\c@Item=\count95
\c@Hfootnote=\count96
)

Package hyperref Message: Driver (autodetected): hpdftex.

(/usr/local/texlive/2015/texmf-dist/tex/latex/hyperref/hpdftex.def
File: hpdftex.def 2012/11/06 v6.83m Hyperref driver for pdfTeX
\Fld@listcount=\count97
\c@bookmark@seq@number=\count98

(/usr/local/texlive/2015/texmf-dist/tex/latex/oberdiek/rerunfilecheck.sty
Package: rerunfilecheck 2011/04/15 v1.7 Rerun checks for auxiliary files (HO)
Package uniquecounter Info: New unique counter `rerunfilecheck' on input line 2
82.
)
\Hy@SectionHShift=\skip43
)
(/usr/local/texlive/2015/texmf-dist/tex/latex/subfigure/subfigure.sty
Package: subfigure 2002/03/15 v2.1.5 subfigure package
\subfigtopskip=\skip44
\subfigcapskip=\skip45
\subfigcaptopadj=\dimen119
\subfigbottomskip=\skip46
\subfigcapmargin=\dimen120
\subfiglabelskip=\skip47
\c@subfigure=\count99
\c@lofdepth=\count100
\c@subtable=\count101
\c@lotdepth=\count102

****************************************
* Local config file subfigure.cfg used *
****************************************
(/usr/local/texlive/2015/texmf-dist/tex/latex/subfigure/subfigure.cfg)
\subfig@top=\skip48
\subfig@bottom=\skip49
)
(/usr/local/texlive/2015/texmf-dist/tex/latex/algorithms/algorithm.sty
Package: algorithm 2009/08/24 v0.1 Document Style `algorithm' - floating enviro
nment

(/usr/local/texlive/2015/texmf-dist/tex/latex/float/float.sty
Package: float 2001/11/08 v1.3d Float enhancements (AL)
\c@float@type=\count103
\float@exts=\toks15
\float@box=\box26
\@float@everytoks=\toks16
\@floatcapt=\box27
)
(/usr/local/texlive/2015/texmf-dist/tex/latex/base/ifthen.sty
Package: ifthen 2014/09/29 v1.1c Standard LaTeX ifthen package (DPC)
)
\@float@every@algorithm=\toks17
\c@algorithm=\count104
)
(/usr/local/texlive/2015/texmf-dist/tex/latex/algorithmicx/algpseudocode.sty
Package: algpseudocode 

(/usr/local/texlive/2015/texmf-dist/tex/latex/algorithmicx/algorithmicx.sty
Package: algorithmicx 2005/04/27 v1.2 Algorithmicx

Document Style algorithmicx 1.2 - a greatly improved `algorithmic' style
\c@ALG@line=\count105
\c@ALG@rem=\count106
\c@ALG@nested=\count107
\ALG@tlm=\skip50
\ALG@thistlm=\skip51
\c@ALG@Lnr=\count108
\c@ALG@blocknr=\count109
\c@ALG@storecount=\count110
\c@ALG@tmpcounter=\count111
\ALG@tmplength=\skip52
)
Document Style - pseudocode environments for use with the `algorithmicx' style
) (./definitions.tex
\c@lfigcounter=\count112
) (./kkwon2-proposal.aux)
\openout1 = `kkwon2-proposal.aux'.

LaTeX Font Info:    Checking defaults for OML/cmm/m/it on input line 33.
LaTeX Font Info:    ... okay on input line 33.
LaTeX Font Info:    Checking defaults for T1/cmr/m/n on input line 33.
LaTeX Font Info:    ... okay on input line 33.
LaTeX Font Info:    Checking defaults for OT1/cmr/m/n on input line 33.
LaTeX Font Info:    ... okay on input line 33.
LaTeX Font Info:    Checking defaults for OMS/cmsy/m/n on input line 33.
LaTeX Font Info:    ... okay on input line 33.
LaTeX Font Info:    Checking defaults for OMX/cmex/m/n on input line 33.
LaTeX Font Info:    ... okay on input line 33.
LaTeX Font Info:    Checking defaults for U/cmr/m/n on input line 33.
LaTeX Font Info:    ... okay on input line 33.
LaTeX Font Info:    Checking defaults for PD1/pdf/m/n on input line 33.
LaTeX Font Info:    ... okay on input line 33.

(/usr/local/texlive/2015/texmf-dist/tex/context/base/supp-pdf.mkii
[Loading MPS to PDF converter (version 2006.09.02).]
\scratchcounter=\count113
\scratchdimen=\dimen121
\scratchbox=\box28
\nofMPsegments=\count114
\nofMParguments=\count115
\everyMPshowfont=\toks18
\MPscratchCnt=\count116
\MPscratchDim=\dimen122
\MPnumerator=\count117
\makeMPintoPDFobject=\count118
\everyMPtoPDFconversion=\toks19
) (/usr/local/texlive/2015/texmf-dist/tex/latex/oberdiek/epstopdf-base.sty
Package: epstopdf-base 2010/02/09 v2.5 Base part for package epstopdf

(/usr/local/texlive/2015/texmf-dist/tex/latex/oberdiek/grfext.sty
Package: grfext 2010/08/19 v1.1 Manage graphics extensions (HO)
)
Package grfext Info: Graphics extension search list:
(grfext)             [.png,.pdf,.jpg,.mps,.jpeg,.jbig2,.jb2,.PNG,.PDF,.JPG,.JPE
G,.JBIG2,.JB2,.eps]
(grfext)             \AppendGraphicsExtensions on input line 452.

(/usr/local/texlive/2015/texmf-dist/tex/latex/latexconfig/epstopdf-sys.cfg
File: epstopdf-sys.cfg 2010/07/13 v1.3 Configuration of (r)epstopdf for TeX Liv
e
))
\AtBeginShipoutBox=\box29
Package hyperref Info: Link coloring OFF on input line 33.

(/usr/local/texlive/2015/texmf-dist/tex/latex/hyperref/nameref.sty
Package: nameref 2012/10/27 v2.43 Cross-referencing by name of section

(/usr/local/texlive/2015/texmf-dist/tex/generic/oberdiek/gettitlestring.sty
Package: gettitlestring 2010/12/03 v1.4 Cleanup title references (HO)
)
\c@section@level=\count119
)
LaTeX Info: Redefining \ref on input line 33.
LaTeX Info: Redefining \pageref on input line 33.
LaTeX Info: Redefining \nameref on input line 33.

(./kkwon2-proposal.out) (./kkwon2-proposal.out)
\@outlinefile=\write3
\openout3 = `kkwon2-proposal.out'.

 [1

{/usr/local/texlive/2015/texmf-var/fonts/map/pdftex/updmap/pdftex.map}] [2] [3]
 [4] (./abstract.tex
LaTeX Font Info:    External font `cmex10' loaded for size
(Font)              <12> on input line 1.
LaTeX Font Info:    External font `cmex10' loaded for size
(Font)              <8> on input line 1.
LaTeX Font Info:    External font `cmex10' loaded for size
(Font)              <6> on input line 1.
)
[5]

Package hyperref Warning: old toc file detected, not used; run LaTeX again.

\tf@toc=\write4
\openout4 = `kkwon2-proposal.toc'.

[6

]

Package hyperref Warning: old lof file detected, not used; run LaTeX again.

\tf@lof=\write5
\openout5 = `kkwon2-proposal.lof'.

[7

]

Package hyperref Warning: old lot file detected, not used; run LaTeX again.

\tf@lot=\write6
\openout6 = `kkwon2-proposal.lot'.

[8

] (./chap1_Introduction.tex
Chapter 1.
[1

]

LaTeX Warning: Citation `Hirsch:2005' on page 2 undefined on input line 11.


LaTeX Warning: Citation `Bornmann:2009' on page 2 undefined on input line 11.


LaTeX Warning: Citation `Chen:2001' on page 2 undefined on input line 11.


LaTeX Warning: Citation `Leydesdorff:2007' on page 2 undefined on input line 11
.


LaTeX Warning: Citation `Nowell:1997' on page 2 undefined on input line 11.


LaTeX Warning: Citation `Bergstrom:2009' on page 2 undefined on input line 11.


LaTeX Warning: Citation `Lee:2005' on page 2 undefined on input line 11.


LaTeX Warning: Citation `Kaur:2014' on page 2 undefined on input line 12.


LaTeX Warning: Citation `Vardell:2011' on page 2 undefined on input line 13.

[2]) (./chap3_Methods.tex [3]
Chapter 2.

LaTeX Warning: Citation `nvd3org' on page 4 undefined on input line 7.


LaTeX Warning: Citation `nsf' on page 4 undefined on input line 10.


LaTeX Warning: Citation `nih' on page 4 undefined on input line 10.


LaTeX Warning: Citation `XMLStarlet' on page 4 undefined on input line 10.

<figures/fig_scaleView.png, id=60, 1543.7675pt x 474.77374pt>
File: figures/fig_scaleView.png Graphic file (type png)

<use figures/fig_scaleView.png>
Package pdftex.def Info: figures/fig_scaleView.png used on input line 14.
(pdftex.def)             Requested size: 430.00627pt x 132.24026pt.
 [4

]
<figures/fig_cv_google_scholarplot.png, id=67, 2328.7pt x 801.99625pt>
File: figures/fig_cv_google_scholarplot.png Graphic file (type png)

<use figures/fig_cv_google_scholarplot.png>
Package pdftex.def Info: figures/fig_cv_google_scholarplot.png used on input li
ne 20.
(pdftex.def)             Requested size: 860.01254pt x 296.18327pt.

Overfull \hbox (430.00627pt too wide) in paragraph at lines 20--21
 [][] 
 []


LaTeX Warning: Reference `fig:fig-publication' on page 5 undefined on input lin
e 25.


LaTeX Warning: Reference `fig:fig-scale' on page 5 undefined on input line 25.


LaTeX Warning: Reference `fig:fig-tooltip' on page 5 undefined on input line 32
.

[5pdfTeX warning (ext4): destination with the same identifier (name{figure.2.1}
) has been already used, duplicate ignored

\AtBegShi@Output ...ipout \box \AtBeginShipoutBox 
                                                  \fi \fi 
l.33 
      <./figures/fig_scaleView.png (PNG copy)>] [6pdfTeX warning (ext4): destin
ation with the same identifier (name{figure.2.2}) has been already used, duplic
ate ignored

\AtBegShi@Output ...ipout \box \AtBeginShipoutBox 
                                                  \fi \fi 
l.33 
      <./figures/fig_cv_google_scholarplot.png>]
<figures/fig_tooltip.png, id=79, 1044.90375pt x 398.48875pt>
File: figures/fig_tooltip.png Graphic file (type png)

<use figures/fig_tooltip.png>
Package pdftex.def Info: figures/fig_tooltip.png used on input line 36.
(pdftex.def)             Requested size: 430.00627pt x 163.98949pt.
 [7]

LaTeX Warning: Reference `fig:fig-publication' on page 8 undefined on input lin
e 41.


LaTeX Warning: Reference `fig:fig-legend' on page 8 undefined on input line 41.


<figures/fig_legend-toggle.png, id=86, 782.925pt x 145.54375pt>
File: figures/fig_legend-toggle.png Graphic file (type png)

<use figures/fig_legend-toggle.png>
Package pdftex.def Info: figures/fig_legend-toggle.png used on input line 45.
(pdftex.def)             Requested size: 387.003pt x 71.94331pt.
 [8pdfTeX warning (ext4): destination with the same identifier (name{figure.2.3
}) has been already used, duplicate ignored

\AtBegShi@Output ...ipout \box \AtBeginShipoutBox 
                                                  \fi \fi 
l.51 
      <./figures/fig_tooltip.png (PNG copy)>]

LaTeX Warning: Reference `fig:funding' on page 9 undefined on input line 55.

<figures/fig_funding_default.png, id=92, 996.72375pt x 453.695pt>
File: figures/fig_funding_default.png Graphic file (type png)

<use figures/fig_funding_default.png>
Package pdftex.def Info: figures/fig_funding_default.png used on input line 59.

(pdftex.def)             Requested size: 430.00627pt x 195.72887pt.

<figures/fig_funding_total.png, id=93, 996.72375pt x 453.695pt>
File: figures/fig_funding_total.png Graphic file (type png)

<use figures/fig_funding_total.png>
Package pdftex.def Info: figures/fig_funding_total.png used on input line 60.
(pdftex.def)             Requested size: 430.00627pt x 195.72887pt.


LaTeX Warning: Reference `fig:fig-scale' on page 9 undefined on input line 93.


LaTeX Warning: Reference `fig:distribution' on page 9 undefined on input line 9
5.


LaTeX Warning: Reference `fig:distribution' on page 9 undefined on input line 9
5.


LaTeX Warning: Reference `fig:distribution' on page 9 undefined on input line 9
5.

[9pdfTeX warning (ext4): destination with the same identifier (name{figure.2.4}
) has been already used, duplicate ignored

\AtBegShi@Output ...ipout \box \AtBeginShipoutBox 
                                                  \fi \fi 
l.96 
      <./figures/fig_legend-toggle.png (PNG copy)>]
<figures/fig_distribution_A.png, id=100, 211.79124pt x 692.5875pt>
File: figures/fig_distribution_A.png Graphic file (type png)

<use figures/fig_distribution_A.png>
Package pdftex.def Info: figures/fig_distribution_A.png used on input line 101.

(pdftex.def)             Requested size: 98.8996pt x 323.41313pt.

<figures/fig_distribution_B.png, id=101, 211.79124pt x 692.5875pt>
File: figures/fig_distribution_B.png Graphic file (type png)

<use figures/fig_distribution_B.png>
Package pdftex.def Info: figures/fig_distribution_B.png used on input line 104.

(pdftex.def)             Requested size: 98.8996pt x 323.41313pt.

<figures/fig_distribution_C.png, id=102, 211.79124pt x 692.5875pt>
File: figures/fig_distribution_C.png Graphic file (type png)

<use figures/fig_distribution_C.png>
Package pdftex.def Info: figures/fig_distribution_C.png used on input line 107.

(pdftex.def)             Requested size: 98.8996pt x 323.41313pt.


LaTeX Warning: Reference `fig:fig-arch' on page 10 undefined on input line 129.



LaTeX Warning: Citation `htmlSQL' on page 10 undefined on input line 129.


Overfull \hbox (4.1685pt too wide) in paragraph at lines 129--131
[]\OT1/cmr/m/n/12 The server-side ap-pli-ca-tion is im-ple-mented in PHP script
-ing lan-guage and MySQL.
 []

[10] <figures/fig_system_architecture.pdf, id=108, 963.6pt x 542.025pt>
File: figures/fig_system_architecture.pdf Graphic file (type pdf)

<use figures/fig_system_architecture.pdf>
Package pdftex.def Info: figures/fig_system_architecture.pdf used on input line
 134.
(pdftex.def)             Requested size: 430.00627pt x 241.87442pt.


LaTeX Warning: Reference `alg:name' on page 11 undefined on input line 143.

Package hyperref Info: bookmark level for unknown algorithm defaults to 0 on in
put line 146.
./chap3_Methods.tex:149: Undefined control sequence.
l.149 \State $\textit{FirstName} \gets \text
                                            {first name in Google Scholar }$
? 
./chap3_Methods.tex:149: Emergency stop.
l.149 \State $\textit{FirstName} \gets \text
                                            {first name in Google Scholar }$
End of file on the terminal!

 
Here is how much of TeX's memory you used:
 6147 strings out of 493089
 91391 string characters out of 6134842
 175900 words of memory out of 5000000
 9528 multiletter control sequences out of 15000+600000
 9148 words of font info for 32 fonts, out of 8000000 for 9000
 1141 hyphenation exceptions out of 8191
 34i,6n,29p,1955b,357s stack positions out of 5000i,500n,10000p,200000b,80000s
./chap3_Methods.tex:149:  ==> Fatal error occurred, no output PDF file produced
!
